<?xml version="1.0" encoding="UTF-8"?>
<!-- Generated by org.testng.reporters.JUnitReportReporter -->
<testsuite hostname="NazuDa" failures="0" tests="1" name="test.LoginTest" time="21.225" errors="0" timestamp="2022-12-30T16:15:46 BDT" skipped="0">
  <testcase classname="test.LoginTest" name="logintest" time="21.225"/>
  <system-out/>
</testsuite> <!-- test.LoginTest -->
